<?xml version="1.0" encoding="UTF-8"?>
<!-- Generated by org.testng.reporters.JUnitReportReporter -->
<testsuite hostname="DESKTOP-DFAO42P" failures="0" tests="3" name="practice.DataProviderTest" time="0.011" errors="0" timestamp="2023-01-09T13:19:58 IST" skipped="0">
  <testcase classname="practice.DataProviderTest" name="reaData" time="0.002"/>
  <system-out/>
  <testcase classname="practice.DataProviderTest" name="reaData" time="0.007"/>
  <system-out/>
  <testcase classname="practice.DataProviderTest" name="reaData" time="0.002"/>
  <system-out/>
</testsuite> <!-- practice.DataProviderTest -->
