<?xml version="1.0" encoding="UTF-8"?>
<!-- Generated by org.testng.reporters.JUnitReportReporter -->
<testsuite hostname="DESKTOP-DFAO42P" failures="0" tests="3" name="practice.DataProvider" time="0.013" errors="0" timestamp="2023-01-09T10:43:11 IST" skipped="0">
  <testcase classname="practice.DataProvider" name="travel" time="0.002"/>
  <system-out/>
  <testcase classname="practice.DataProvider" name="travel" time="0.003"/>
  <system-out/>
  <testcase classname="practice.DataProvider" name="travel" time="0.008"/>
  <system-out/>
</testsuite> <!-- practice.DataProvider -->
