<?xml version="1.0" encoding="UTF-8"?>
<!-- Generated by org.testng.reporters.JUnitReportReporter -->
<testsuite hostname="DESKTOP-DFAO42P" failures="0" tests="5" name="practice.Sampletest" time="0.016" errors="0" timestamp="2023-01-06T15:31:13 IST" skipped="0">
  <testcase classname="practice.Sampletest" name="delete" time="0.009"/>
  <system-out/>
  <testcase classname="practice.Sampletest" name="update" time="0.002"/>
  <system-out/>
  <testcase classname="practice.Sampletest" name="update" time="0.001"/>
  <system-out/>
  <testcase classname="practice.Sampletest" name="update" time="0.002"/>
  <system-out/>
  <testcase classname="practice.Sampletest" name="create" time="0.002"/>
  <system-out/>
</testsuite> <!-- practice.Sampletest -->
