<?xml version="1.0" encoding="UTF-8"?>
<!-- Generated by org.testng.reporters.JUnitReportReporter -->
<testsuite hostname="DESKTOP-DFAO42P" failures="0" tests="2" name="practice.SampleTestNGTest3" time="0.002" errors="0" timestamp="2023-01-10T17:40:43 IST" skipped="0">
  <testcase classname="practice.SampleTestNGTest3" name="Sample5" time="0.000"/>
  <system-out/>
  <testcase classname="practice.SampleTestNGTest3" name="Sample6" time="0.002"/>
  <system-out/>
</testsuite> <!-- practice.SampleTestNGTest3 -->
