<?xml version="1.0" encoding="UTF-8"?>
<!-- Generated by org.testng.reporters.JUnitReportReporter -->
<testsuite hostname="DESKTOP-DFAO42P" failures="0" tests="2" name="practice.UsingDiffAnnotations" time="0.009" errors="0" timestamp="2023-01-09T15:21:09 IST" skipped="0">
  <testcase classname="practice.UsingDiffAnnotations" name="createclass" time="0.006"/>
  <system-out/>
  <testcase classname="practice.UsingDiffAnnotations" name="createobject" time="0.003"/>
  <system-out/>
</testsuite> <!-- practice.UsingDiffAnnotations -->
